-- The C compiler identification is GNU 13.2.0
-- The CXX compiler identification is GNU 13.2.0
-- Detecting C compiler ABI info
-- Detecting C compiler ABI info - done
-- Check for working C compiler: /usr/bin/cc - skipped
-- Detecting C compile features
-- Detecting C compile features - done
-- Detecting CXX compiler ABI info
-- Detecting CXX compiler ABI info - done
-- Check for working CXX compiler: /usr/bin/c++ - skipped
-- Detecting CXX compile features
-- Detecting CXX compile features - done
-- Found ament_cmake: 2.7.0 (/opt/ros/rolling/share/ament_cmake/cmake)
-- Found Python3: /usr/bin/python3 (found version "3.12.3") found components: Interpreter 
-- Found rclcpp: 28.3.3 (/opt/ros/rolling/share/rclcpp/cmake)
-- Found rosidl_generator_c: 4.8.1 (/opt/ros/rolling/share/rosidl_generator_c/cmake)
-- Found rosidl_generator_cpp: 4.8.1 (/opt/ros/rolling/share/rosidl_generator_cpp/cmake)
-- Using all available rosidl_typesupport_c: rosidl_typesupport_fastrtps_c;rosidl_typesupport_introspection_c
-- Using all available rosidl_typesupport_cpp: rosidl_typesupport_fastrtps_cpp;rosidl_typesupport_introspection_cpp
-- Found rmw_implementation_cmake: 7.4.3 (/opt/ros/rolling/share/rmw_implementation_cmake/cmake)
-- Found rmw_fastrtps_cpp: 9.0.1 (/opt/ros/rolling/share/rmw_fastrtps_cpp/cmake)
-- Found OpenSSL: /usr/lib/x86_64-linux-gnu/libcrypto.so (found version "3.0.13")  
-- Found FastRTPS: /opt/ros/rolling/include (Required is at least version "2.13") 
-- Using RMW implementation 'rmw_fastrtps_cpp' as default
[33mCMake Warning at CMakeLists.txt:11 (find_package):
  By not providing "Findtelemetry_interface.cmake" in CMAKE_MODULE_PATH this
  project has asked CMake to find a package configuration file provided by
  "telemetry_interface", but CMake did not find one.

  Could not find a package configuration file provided by
  "telemetry_interface" with any of the following names:

    telemetry_interfaceConfig.cmake
    telemetry_interface-config.cmake

  Add the installation prefix of "telemetry_interface" to CMAKE_PREFIX_PATH
  or set "telemetry_interface_DIR" to a directory containing one of the above
  files.  If "telemetry_interface" provides a separate development package or
  SDK, be sure it has been installed.

[0m
-- Configuring done (3.0s)
-- Generating done (0.0s)
-- Build files have been written to: /home/toni/toni_umrt_ros/build/telemetry
[ 33%] [32mBuilding CXX object CMakeFiles/telemetry_master.dir/src/main.cpp.o[0m
[ 66%] [32mBuilding CXX object CMakeFiles/telemetry_master.dir/src/telemetry_master.cpp.o[0m
In file included from [01m[K/home/toni/toni_umrt_ros/src/telemetry/src/telemetry_master.cpp:1[m[K:
[01m[K/home/toni/toni_umrt_ros/src/telemetry/src/telemetry_master.h:1:25:[m[K [01;35m[Kwarning: [m[Kextra tokens at end of #ifndef directive
    1 | #ifndef TELEMETRY_MASTER[01;35m[K;[m[K
      |                         [01;35m[K^[m[K
[01m[K/home/toni/toni_umrt_ros/src/telemetry/src/telemetry_master.h:2:9:[m[K [01;35m[Kwarning: [m[KISO C++11 requires whitespace after the macro name
    2 | #define [01;35m[KTELEMETRY_MASTER[m[K;
      |         [01;35m[K^~~~~~~~~~~~~~~~[m[K
[01m[K/home/toni/toni_umrt_ros/src/telemetry/src/telemetry_master.h:7:10:[m[K [01;31m[Kfatal error: [m[Ktelemetry_interfaces/msg/telemetry.hpp: No such file or directory
    7 | #include [01;31m[K"telemetry_interfaces/msg/telemetry.hpp"[m[K
      |          [01;31m[K^~~~~~~~~~~~~~~~~~~~~~~~~~~~~~~~~~~~~~~~[m[K
compilation terminated.
gmake[2]: *** [CMakeFiles/telemetry_master.dir/build.make:76: CMakeFiles/telemetry_master.dir/src/telemetry_master.cpp.o] Error 1
gmake[2]: *** Waiting for unfinished jobs....
In file included from [01m[K/home/toni/toni_umrt_ros/src/telemetry/src/main.cpp:2[m[K:
[01m[K/home/toni/toni_umrt_ros/src/telemetry/src/telemetry_master.h:1:25:[m[K [01;35m[Kwarning: [m[Kextra tokens at end of #ifndef directive
    1 | #ifndef TELEMETRY_MASTER[01;35m[K;[m[K
      |                         [01;35m[K^[m[K
[01m[K/home/toni/toni_umrt_ros/src/telemetry/src/telemetry_master.h:2:9:[m[K [01;35m[Kwarning: [m[KISO C++11 requires whitespace after the macro name
    2 | #define [01;35m[KTELEMETRY_MASTER[m[K;
      |         [01;35m[K^~~~~~~~~~~~~~~~[m[K
[01m[K/home/toni/toni_umrt_ros/src/telemetry/src/telemetry_master.h:7:10:[m[K [01;31m[Kfatal error: [m[Ktelemetry_interfaces/msg/telemetry.hpp: No such file or directory
    7 | #include [01;31m[K"telemetry_interfaces/msg/telemetry.hpp"[m[K
      |          [01;31m[K^~~~~~~~~~~~~~~~~~~~~~~~~~~~~~~~~~~~~~~~[m[K
compilation terminated.
gmake[2]: *** [CMakeFiles/telemetry_master.dir/build.make:90: CMakeFiles/telemetry_master.dir/src/main.cpp.o] Error 1
gmake[1]: *** [CMakeFiles/Makefile2:137: CMakeFiles/telemetry_master.dir/all] Error 2
gmake: *** [Makefile:146: all] Error 2
