[0.037s] Invoking command in '/home/toni/toni_umrt_ros/build/telemetry': CMAKE_PREFIX_PATH=${CMAKE_PREFIX_PATH}:/opt/ros/rolling DEBUGINFOD_URLS=https://debuginfod.ubuntu.com /usr/bin/cmake /home/toni/toni_umrt_ros/src/telemetry -DCMAKE_INSTALL_PREFIX=/home/toni/toni_umrt_ros/install/telemetry
[0.415s] -- The C compiler identification is GNU 13.2.0
[0.573s] -- The CXX compiler identification is GNU 13.2.0
[0.614s] -- Detecting C compiler ABI info
[0.818s] -- Detecting C compiler ABI info - done
[0.840s] -- Check for working C compiler: /usr/bin/cc - skipped
[0.845s] -- Detecting C compile features
[0.847s] -- Detecting C compile features - done
[0.872s] -- Detecting CXX compiler ABI info
[1.101s] -- Detecting CXX compiler ABI info - done
[1.126s] -- Check for working CXX compiler: /usr/bin/c++ - skipped
[1.127s] -- Detecting CXX compile features
[1.129s] -- Detecting CXX compile features - done
[1.146s] -- Found ament_cmake: 2.7.0 (/opt/ros/rolling/share/ament_cmake/cmake)
[1.496s] -- Found Python3: /usr/bin/python3 (found version "3.12.3") found components: Interpreter 
[1.797s] -- Found rclcpp: 28.3.3 (/opt/ros/rolling/share/rclcpp/cmake)
[1.885s] -- Found rosidl_generator_c: 4.8.1 (/opt/ros/rolling/share/rosidl_generator_c/cmake)
[1.913s] -- Found rosidl_generator_cpp: 4.8.1 (/opt/ros/rolling/share/rosidl_generator_cpp/cmake)
[1.952s] -- Using all available rosidl_typesupport_c: rosidl_typesupport_fastrtps_c;rosidl_typesupport_introspection_c
[1.993s] -- Using all available rosidl_typesupport_cpp: rosidl_typesupport_fastrtps_cpp;rosidl_typesupport_introspection_cpp
[2.206s] -- Found rmw_implementation_cmake: 7.4.3 (/opt/ros/rolling/share/rmw_implementation_cmake/cmake)
[2.219s] -- Found rmw_fastrtps_cpp: 9.0.1 (/opt/ros/rolling/share/rmw_fastrtps_cpp/cmake)
[2.452s] -- Found OpenSSL: /usr/lib/x86_64-linux-gnu/libcrypto.so (found version "3.0.13")  
[2.495s] -- Found FastRTPS: /opt/ros/rolling/include (Required is at least version "2.13") 
[2.550s] -- Using RMW implementation 'rmw_fastrtps_cpp' as default
[2.745s] [33mCMake Warning at CMakeLists.txt:11 (find_package):
[2.745s]   By not providing "Findtelemetry_interface.cmake" in CMAKE_MODULE_PATH this
[2.746s]   project has asked CMake to find a package configuration file provided by
[2.746s]   "telemetry_interface", but CMake did not find one.
[2.746s] 
[2.746s]   Could not find a package configuration file provided by
[2.747s]   "telemetry_interface" with any of the following names:
[2.747s] 
[2.747s]     telemetry_interfaceConfig.cmake
[2.747s]     telemetry_interface-config.cmake
[2.748s] 
[2.748s]   Add the installation prefix of "telemetry_interface" to CMAKE_PREFIX_PATH
[2.748s]   or set "telemetry_interface_DIR" to a directory containing one of the above
[2.748s]   files.  If "telemetry_interface" provides a separate development package or
[2.749s]   SDK, be sure it has been installed.
[2.749s] 
[2.749s] [0m
[3.018s] -- Configuring done (3.0s)
[3.047s] -- Generating done (0.0s)
[3.053s] -- Build files have been written to: /home/toni/toni_umrt_ros/build/telemetry
[3.071s] Invoked command in '/home/toni/toni_umrt_ros/build/telemetry' returned '0': CMAKE_PREFIX_PATH=${CMAKE_PREFIX_PATH}:/opt/ros/rolling DEBUGINFOD_URLS=https://debuginfod.ubuntu.com /usr/bin/cmake /home/toni/toni_umrt_ros/src/telemetry -DCMAKE_INSTALL_PREFIX=/home/toni/toni_umrt_ros/install/telemetry
[3.074s] Invoking command in '/home/toni/toni_umrt_ros/build/telemetry': CMAKE_PREFIX_PATH=${CMAKE_PREFIX_PATH}:/opt/ros/rolling DEBUGINFOD_URLS=https://debuginfod.ubuntu.com /usr/bin/cmake --build /home/toni/toni_umrt_ros/build/telemetry -- -j4 -l4
[3.194s] [ 33%] [32mBuilding CXX object CMakeFiles/telemetry_master.dir/src/main.cpp.o[0m
[3.198s] [ 66%] [32mBuilding CXX object CMakeFiles/telemetry_master.dir/src/telemetry_master.cpp.o[0m
[3.228s] In file included from [01m[K/home/toni/toni_umrt_ros/src/telemetry/src/telemetry_master.cpp:1[m[K:
[3.228s] [01m[K/home/toni/toni_umrt_ros/src/telemetry/src/telemetry_master.h:1:25:[m[K [01;35m[Kwarning: [m[Kextra tokens at end of #ifndef directive
[3.228s]     1 | #ifndef TELEMETRY_MASTER[01;35m[K;[m[K
[3.228s]       |                         [01;35m[K^[m[K
[3.228s] [01m[K/home/toni/toni_umrt_ros/src/telemetry/src/telemetry_master.h:2:9:[m[K [01;35m[Kwarning: [m[KISO C++11 requires whitespace after the macro name
[3.228s]     2 | #define [01;35m[KTELEMETRY_MASTER[m[K;
[3.228s]       |         [01;35m[K^~~~~~~~~~~~~~~~[m[K
[3.744s] [01m[K/home/toni/toni_umrt_ros/src/telemetry/src/telemetry_master.h:7:10:[m[K [01;31m[Kfatal error: [m[Ktelemetry_interfaces/msg/telemetry.hpp: No such file or directory
[3.745s]     7 | #include [01;31m[K"telemetry_interfaces/msg/telemetry.hpp"[m[K
[3.745s]       |          [01;31m[K^~~~~~~~~~~~~~~~~~~~~~~~~~~~~~~~~~~~~~~~[m[K
[3.745s] compilation terminated.
[3.746s] gmake[2]: *** [CMakeFiles/telemetry_master.dir/build.make:76: CMakeFiles/telemetry_master.dir/src/telemetry_master.cpp.o] Error 1
[3.746s] gmake[2]: *** Waiting for unfinished jobs....
[3.758s] In file included from [01m[K/home/toni/toni_umrt_ros/src/telemetry/src/main.cpp:2[m[K:
[3.758s] [01m[K/home/toni/toni_umrt_ros/src/telemetry/src/telemetry_master.h:1:25:[m[K [01;35m[Kwarning: [m[Kextra tokens at end of #ifndef directive
[3.759s]     1 | #ifndef TELEMETRY_MASTER[01;35m[K;[m[K
[3.759s]       |                         [01;35m[K^[m[K
[3.759s] [01m[K/home/toni/toni_umrt_ros/src/telemetry/src/telemetry_master.h:2:9:[m[K [01;35m[Kwarning: [m[KISO C++11 requires whitespace after the macro name
[3.759s]     2 | #define [01;35m[KTELEMETRY_MASTER[m[K;
[3.759s]       |         [01;35m[K^~~~~~~~~~~~~~~~[m[K
[3.759s] [01m[K/home/toni/toni_umrt_ros/src/telemetry/src/telemetry_master.h:7:10:[m[K [01;31m[Kfatal error: [m[Ktelemetry_interfaces/msg/telemetry.hpp: No such file or directory
[3.760s]     7 | #include [01;31m[K"telemetry_interfaces/msg/telemetry.hpp"[m[K
[3.760s]       |          [01;31m[K^~~~~~~~~~~~~~~~~~~~~~~~~~~~~~~~~~~~~~~~[m[K
[3.760s] compilation terminated.
[3.766s] gmake[2]: *** [CMakeFiles/telemetry_master.dir/build.make:90: CMakeFiles/telemetry_master.dir/src/main.cpp.o] Error 1
[3.766s] gmake[1]: *** [CMakeFiles/Makefile2:137: CMakeFiles/telemetry_master.dir/all] Error 2
[3.767s] gmake: *** [Makefile:146: all] Error 2
[3.771s] Invoked command in '/home/toni/toni_umrt_ros/build/telemetry' returned '2': CMAKE_PREFIX_PATH=${CMAKE_PREFIX_PATH}:/opt/ros/rolling DEBUGINFOD_URLS=https://debuginfod.ubuntu.com /usr/bin/cmake --build /home/toni/toni_umrt_ros/build/telemetry -- -j4 -l4
